<?xml version="1.0" encoding="UTF-8" ?>
<testsuite tests="14" failures="0" name="games.sudoku.model.SolutionErrorsTest" time="0.011" errors="0" skipped="0">
  <properties>
    <property name="java.runtime.name" value="Java(TM) SE Runtime Environment"/>
    <property name="sun.boot.library.path" value="/usr/java/jdk1.8.0_25/jre/lib/amd64"/>
    <property name="java.vm.version" value="25.25-b02"/>
    <property name="java.vm.vendor" value="Oracle Corporation"/>
    <property name="java.vendor.url" value="http://java.oracle.com/"/>
    <property name="path.separator" value=":"/>
    <property name="guice.disable.misplaced.annotation.check" value="true"/>
    <property name="java.vm.name" value="Java HotSpot(TM) 64-Bit Server VM"/>
    <property name="file.encoding.pkg" value="sun.io"/>
    <property name="user.country" value="US"/>
    <property name="sun.java.launcher" value="SUN_STANDARD"/>
    <property name="sun.os.patch.level" value="unknown"/>
    <property name="java.vm.specification.name" value="Java Virtual Machine Specification"/>
    <property name="user.dir" value="/home/nuno/projects/Sudoku/sudoku"/>
    <property name="java.runtime.version" value="1.8.0_25-b17"/>
    <property name="netbeans.deploy" value="true"/>
    <property name="java.awt.graphicsenv" value="sun.awt.X11GraphicsEnvironment"/>
    <property name="java.endorsed.dirs" value="/usr/java/jdk1.8.0_25/jre/lib/endorsed"/>
    <property name="os.arch" value="amd64"/>
    <property name="java.io.tmpdir" value="/tmp"/>
    <property name="line.separator" value="
"/>
    <property name="java.vm.specification.vendor" value="Oracle Corporation"/>
    <property name="os.name" value="Linux"/>
    <property name="maven.ext.class.path" value="/usr/share/NetBeans/netbeans-8.0.2/java/maven-nblib/netbeans-eventspy.jar"/>
    <property name="classworlds.conf" value="/usr/share/NetBeans/netbeans-8.0.2/java/maven/bin/m2.conf"/>
    <property name="sun.jnu.encoding" value="UTF-8"/>
    <property name="java.library.path" value="/usr/java/latest/jre/lib/amd64:/usr/java/latest/jre/lib/i386::/usr/java/packages/lib/amd64:/usr/lib64:/lib64:/lib:/usr/lib"/>
    <property name="java.specification.name" value="Java Platform API Specification"/>
    <property name="java.class.version" value="52.0"/>
    <property name="sun.management.compiler" value="HotSpot 64-Bit Tiered Compilers"/>
    <property name="os.version" value="3.16.7-21-desktop"/>
    <property name="user.home" value="/home/nuno"/>
    <property name="user.timezone" value="Europe/Berlin"/>
    <property name="java.awt.printerjob" value="sun.print.PSPrinterJob"/>
    <property name="java.specification.version" value="1.8"/>
    <property name="file.encoding" value="UTF-8"/>
    <property name="user.name" value="nuno"/>
    <property name="java.class.path" value="/usr/share/NetBeans/netbeans-8.0.2/java/maven/boot/plexus-classworlds-2.4.jar"/>
    <property name="java.vm.specification.version" value="1.8"/>
    <property name="sun.arch.data.model" value="64"/>
    <property name="java.home" value="/usr/java/jdk1.8.0_25/jre"/>
    <property name="sun.java.command" value="org.codehaus.plexus.classworlds.launcher.Launcher -Dnetbeans.deploy=true -Dmaven.ext.class.path=/usr/share/NetBeans/netbeans-8.0.2/java/maven-nblib/netbeans-eventspy.jar package"/>
    <property name="java.specification.vendor" value="Oracle Corporation"/>
    <property name="user.language" value="en"/>
    <property name="awt.toolkit" value="sun.awt.X11.XToolkit"/>
    <property name="java.vm.info" value="mixed mode"/>
    <property name="java.version" value="1.8.0_25"/>
    <property name="java.ext.dirs" value="/usr/java/jdk1.8.0_25/jre/lib/ext:/usr/java/packages/lib/ext"/>
    <property name="securerandom.source" value="file:/dev/./urandom"/>
    <property name="sun.boot.class.path" value="/usr/java/jdk1.8.0_25/jre/lib/resources.jar:/usr/java/jdk1.8.0_25/jre/lib/rt.jar:/usr/java/jdk1.8.0_25/jre/lib/sunrsasign.jar:/usr/java/jdk1.8.0_25/jre/lib/jsse.jar:/usr/java/jdk1.8.0_25/jre/lib/jce.jar:/usr/java/jdk1.8.0_25/jre/lib/charsets.jar:/usr/java/jdk1.8.0_25/jre/lib/jfr.jar:/usr/java/jdk1.8.0_25/jre/classes"/>
    <property name="java.vendor" value="Oracle Corporation"/>
    <property name="maven.home" value="/usr/share/NetBeans/netbeans-8.0.2/java/maven"/>
    <property name="file.separator" value="/"/>
    <property name="java.vendor.url.bug" value="http://bugreport.sun.com/bugreport/"/>
    <property name="sun.cpu.endian" value="little"/>
    <property name="sun.io.unicode.encoding" value="UnicodeLittle"/>
    <property name="sun.cpu.isalist" value=""/>
  </properties>
  <testcase classname="games.sudoku.model.SolutionErrorsTest" name="testToString" time="0.001"/>
  <testcase classname="games.sudoku.model.SolutionErrorsTest" name="testHasErrors" time="0"/>
  <testcase classname="games.sudoku.model.SolutionErrorsTest" name="testHasErrors_True" time="0"/>
  <testcase classname="games.sudoku.model.SolutionErrorsTest" name="testCountErrors" time="0.001"/>
  <testcase classname="games.sudoku.model.SolutionErrorsTest" name="testCountErrors_Zero" time="0"/>
  <testcase classname="games.sudoku.model.SolutionErrorsTest" name="testGetColumnsWithErrors" time="0"/>
  <testcase classname="games.sudoku.model.SolutionErrorsTest" name="testGetInnerTablesWithErrors" time="0"/>
  <testcase classname="games.sudoku.model.SolutionErrorsTest" name="testGetRowsWithErrors" time="0"/>
  <testcase classname="games.sudoku.model.SolutionErrorsTest" name="testSetColumnsWithErrors" time="0"/>
  <testcase classname="games.sudoku.model.SolutionErrorsTest" name="testSetInnerTablesWithErrors" time="0"/>
  <testcase classname="games.sudoku.model.SolutionErrorsTest" name="testSetRowsWithErrors" time="0"/>
  <testcase classname="games.sudoku.model.SolutionErrorsTest" name="testEquals_Not" time="0"/>
  <testcase classname="games.sudoku.model.SolutionErrorsTest" name="testEquals" time="0"/>
  <testcase classname="games.sudoku.model.SolutionErrorsTest" name="testHashCode" time="0"/>
</testsuite>